[INFO][server.go:43] 2023/02/28 16:46:46 start listen
[INFO][server.go:71] 2023/02/28 16:47:04 accepted link
[INFO][echo.go:58] 2023/02/28 16:47:25 Connection close
[WARN][echo.go:61] 2023/02/28 16:47:25 EOF
[INFO][server.go:53] 2023/02/28 16:59:19 shutting done...
[INFO][echo.go:72] 2023/02/28 16:59:19 handler shutting down...
[INFO][server.go:43] 2023/02/28 16:59:21 start listen
[INFO][server.go:53] 2023/02/28 16:59:26 shutting done...
[INFO][echo.go:73] 2023/02/28 16:59:35 handler shutting down...
[INFO][server.go:43] 2023/02/28 16:59:58 start listen
[INFO][server.go:71] 2023/02/28 17:00:00 accepted link
[INFO][server.go:53] 2023/02/28 17:00:04 shutting done...
[INFO][echo.go:73] 2023/02/28 17:00:05 handler shutting down...
[WARN][echo.go:61] 2023/02/28 17:00:10 read tcp 192.168.95.1:6379->192.168.95.1:6785: use of closed network connection
[INFO][echo.go:73] 2023/02/28 17:00:12 handler shutting down...
[INFO][server.go:43] 2023/02/28 17:00:30 start listen
[INFO][server.go:71] 2023/02/28 17:00:30 accepted link
[INFO][echo.go:58] 2023/02/28 17:00:34 Connection close
[INFO][server.go:71] 2023/02/28 17:00:38 accepted link
[INFO][echo.go:58] 2023/02/28 17:00:42 Connection close
