[INFO][server.go:43] 2023/03/07 14:49:23 start listen
[INFO][server.go:71] 2023/03/07 14:49:52 accepted link
[INFO][server.go:43] 2023/03/07 14:55:45 start listen
[INFO][server.go:71] 2023/03/07 14:55:52 accepted link
[ERROR][aof.go:107] 2023/03/07 15:25:56 empty data
[ERROR][aof.go:107] 2023/03/07 15:25:56 empty data
[INFO][server.go:43] 2023/03/07 15:25:56 start listen
[INFO][server.go:71] 2023/03/07 15:27:10 accepted link
[ERROR][aof.go:107] 2023/03/07 16:27:05 empty data
[ERROR][aof.go:107] 2023/03/07 16:27:05 empty data
[INFO][server.go:43] 2023/03/07 16:27:05 start listen
[INFO][server.go:53] 2023/03/07 16:27:11 shutting done...
[INFO][handler.go:102] 2023/03/07 16:27:11 handler shutting down.....
[ERROR][aof.go:107] 2023/03/07 21:43:49 empty data
[ERROR][aof.go:107] 2023/03/07 21:43:49 empty data
[INFO][server.go:43] 2023/03/07 21:43:49 start listen
[INFO][server.go:71] 2023/03/07 21:44:12 accepted link
[INFO][server.go:53] 2023/03/07 21:47:40 shutting done...
[INFO][handler.go:107] 2023/03/07 21:47:40 handler shutting down.....
[INFO][handler.go:65] 2023/03/07 21:47:40 connection closed: 192.168.95.1:9612
[INFO][handler.go:107] 2023/03/07 21:47:40 handler shutting down.....
[ERROR][aof.go:107] 2023/03/07 21:47:43 empty data
[ERROR][aof.go:107] 2023/03/07 21:47:43 empty data
[INFO][server.go:43] 2023/03/07 21:47:43 start listen
[INFO][server.go:71] 2023/03/07 21:47:45 accepted link
[INFO][handler.go:65] 2023/03/07 21:47:49 connection closed: 192.168.95.1:9896
[INFO][server.go:71] 2023/03/07 21:47:50 accepted link
[INFO][server.go:53] 2023/03/07 21:47:53 shutting done...
[INFO][handler.go:107] 2023/03/07 21:47:53 handler shutting down.....
[INFO][handler.go:65] 2023/03/07 21:47:53 connection closed: 192.168.95.1:9899
[INFO][handler.go:107] 2023/03/07 21:47:53 handler shutting down.....
[ERROR][aof.go:107] 2023/03/07 21:49:14 empty data
[ERROR][aof.go:107] 2023/03/07 21:49:14 empty data
[INFO][server.go:43] 2023/03/07 21:49:14 start listen
[INFO][server.go:71] 2023/03/07 21:49:23 accepted link
[INFO][server.go:53] 2023/03/07 21:51:02 shutting done...
[INFO][handler.go:107] 2023/03/07 21:51:02 handler shutting down.....
[INFO][handler.go:65] 2023/03/07 21:51:02 connection closed: 192.168.95.1:9955
[INFO][handler.go:107] 2023/03/07 21:51:02 handler shutting down.....
